Arguments: 
  C:\Program Files\nodejs\node.exe C:\Users\kacha\AppData\Roaming\npm\node_modules\yarn\bin\yarn.js install

PATH: 
  C:\Python310\Scripts\;C:\Python310\;C:\WINDOWS\system32;C:\WINDOWS;C:\WINDOWS\System32\Wbem;C:\WINDOWS\System32\WindowsPowerShell\v1.0\;C:\WINDOWS\System32\OpenSSH\;C:\Program Files\nodejs\;C:\ProgramData\chocolatey\bin;C:\Program Files\Git\cmd;C:\Users\kacha\AppData\Local\Microsoft\WindowsApps;;C:\Users\kacha\AppData\Local\Programs\Microsoft VS Code\bin;C:\Users\kacha\AppData\Roaming\npm

Yarn version: 
  1.22.19

Node version: 
  16.17.0

Platform: 
  win32 x64

Trace: 
  Error: EPERM: operation not permitted, unlink 'C:\Users\kacha\Desktop\react-admin\my-app\node_modules\esbuild-windows-64\esbuild.exe'

npm manifest: 
  {
    "name": "my-app",
    "private": true,
    "scripts": {
      "dev": "vite",
      "build": "vite build",
      "serve": "vite preview",
      "type-check": "tsc --noEmit"
    },
    "dependencies": {
      "@emotion/react": "^11.11.1",
      "@emotion/styled": "^11.11.0",
      "@mui/icons-material": "^5.14.0",
      "@mui/material": "^5.13.6",
      "jsonexport": "^3.2.0",
      "lodash": "^4.17.21",
      "prop-types": "^15.8.1",
      "proxy-polyfill": "^0.3.2",
      "ra-data-fakerest": "^4.12.1",
      "ra-data-json-server": "^4.9.2",
      "ra-i18n-polyglot": "^4.12.1",
      "ra-input-rich-text": "^4.12.1",
      "ra-language-english": "^4.12.1",
      "ra-language-french": "^4.12.1",
      "react": "^18.2.0",
      "react-admin": "^4.12.1",
      "react-dom": "^18.2.0",
      "react-hook-form": "^7.45.1",
      "react-query": "^3.39.3",
      "react-router": "^6.14.1",
      "react-router-dom": "^6.14.1"
    },
    "devDependencies": {
      "@babel/preset-react": "^7.22.5",
      "@types/node": "^18.16.1",
      "@types/react": "^18.0.22",
      "@types/react-dom": "^18.0.7",
      "@vitejs/plugin-react": "^2.2.0",
      "typescript": "^5.1.3",
      "vite": "^3.2.0"
    }
  }

yarn manifest: 
  No manifest

Lockfile: 
  No lockfile
